[agreearrow.com/7604-whale-facts7604a/indexca77.html]
[backblue.gif]
[fade.gif]
[index.html]
[agreearrow.com/7604-whale-facts7604a/images/favicon.ico]
[cdn.jsdelivr.net/npm/bootstrap@5.2.3/dist/css/bootstrap.min.css]
[agreearrow.com/7604-whale-facts7604a/styles/animation.css]
[agreearrow.com/7604-whale-facts7604a/styles/custom-styles.css]
[agreearrow.com/7604-whale-facts7604a/styles/Futura-Medium.otf]
[zenacentre.com/backbutton/mb8mye/rolfix.js]
[agreearrow.com/7604-whale-facts7604a/styles/Futura-Bold.otf]
[agreearrow.com/7604-whale-facts7604a/images/bg.png]
[agreearrow.com/7604-whale-facts7604a/images/glare.png]
[agreearrow.com/7604-whale-facts7604a/images/header.png]
[agreearrow.com/7604-whale-facts7604a/images/claim-now-btn.png]
[agreearrow.com/7604-whale-facts7604a/images/gold-coin-right.png]
[agreearrow.com/7604-whale-facts7604a/images/gold-coin-left.png]
[agreearrow.com/7604-whale-facts7604a/images/wheel-on-2.png]
[agreearrow.com/7604-whale-facts7604a/images/wheel.png]
[agreearrow.com/7604-whale-facts7604a/images/coin-blur.png]
[agreearrow.com/7604-whale-facts7604a/images/coin-wheel.png]
[agreearrow.com/7604-whale-facts7604a/images/top-right-coin.png]
[agreearrow.com/7604-whale-facts7604a/images/claim-now.png]
[agreearrow.com/7604-whale-facts7604a/images/try-again.png]
[agreearrow.com/7604-whale-facts7604a/images/spin-again-btn.png]
[agreearrow.com/7604-whale-facts7604a/images/winner.png]
[code.jquery.com/jquery-3.6.0.min.js]
[cdn.jsdelivr.net/npm/bootstrap@5.2.3/dist/js/bootstrap.bundle.min.js]
[agreearrow.com/7604-whale-facts7604a/images/wheel-on-1.png]
[agreearrow.com/7604-whale-facts7604a/images/win2.png]
[agreearrow.com/7604-whale-facts7604a/images/win3.png]
[agreearrow.com/7604-whale-facts7604a/images/win4.png]
[agreearrow.com/7604-whale-facts7604a/images/win5.png]
[agreearrow.com/7604-whale-facts7604a/indexca77.html]
[cdn.jsdelivr.net/npm/bootstrap@5.2.3/dist/css/bootstrap.min.css]
[agreearrow.com/7604-whale-facts7604a/styles/animation.css]
[agreearrow.com/7604-whale-facts7604a/styles/custom-styles.css]
[facket-openting.com/d/563fb380-c91e-4759-9083-a1d6fd01ff47.html]
[facket-openting.com/d/563fb380-c91e-4759-9083-a1d6fd01ff47d349.html]
